#
# There is insufficient memory for the Java Runtime Environment to continue.
# Native memory allocation (mmap) failed to map 132120576 bytes for G1 virtual space
# Possible reasons:
#   The system is out of physical RAM or swap space
#   The process is running with CompressedOops enabled, and the Java Heap may be blocking the growth of the native heap
# Possible solutions:
#   Reduce memory load on the system
#   Increase physical memory or swap space
#   Check if swap backing store is full
#   Decrease Java heap size (-Xmx/-Xms)
#   Decrease number of Java threads
#   Decrease Java thread stack sizes (-Xss)
#   Set larger code cache with -XX:ReservedCodeCacheSize=
#   JVM is running with Unscaled Compressed Oops mode in which the Java heap is
#     placed in the first 4GB address space. The Java Heap base address is the
#     maximum limit for the native heap growth. Please use -XX:HeapBaseMinAddress
#     to set the Java Heap base and to place the Java Heap above 4GB virtual address.
# This output file may be truncated or incomplete.
#
#  Out of Memory Error (os_windows.cpp:3532), pid=31220, tid=30744
#
# JRE version:  (17.0.2+8) (build )
# Java VM: Java HotSpot(TM) 64-Bit Server VM (17.0.2+8-LTS-86, mixed mode, sharing, tiered, compressed oops, compressed class ptrs, g1 gc, windows-amd64)
# No core dump will be written. Minidumps are not enabled by default on client versions of Windows
#

---------------  S U M M A R Y ------------

Command Line: -Dorg.gradle.internal.worker.tmpdir=C:\Users\seongminWoo\Desktop\outsourcing\supermandiary\supermandiary\build\tmp\test\work -Dorg.gradle.native=false -Xmx512m -Dfile.encoding=x-windows-949 -Duser.country=KR -Duser.language=ko -Duser.variant -ea worker.org.gradle.process.internal.worker.GradleWorkerMain 'Gradle Test Executor 3'

Host: Intel(R) Core(TM) i5-10210U CPU @ 1.60GHz, 8 cores, 7G,  Windows 10 , 64 bit Build 19041 (10.0.19041.1889)
Time: Mon Oct  3 03:08:39 2022  Windows 10 , 64 bit Build 19041 (10.0.19041.1889) elapsed time: 0.218204 seconds (0d 0h 0m 0s)

---------------  T H R E A D  ---------------

Current thread (0x000002813d179010):  JavaThread "Unknown thread" [_thread_in_vm, id=30744, stack(0x000000ba78000000,0x000000ba78100000)]

Stack: [0x000000ba78000000,0x000000ba78100000]
Native frames: (J=compiled Java code, j=interpreted, Vv=VM code, C=native code)
V  [jvm.dll+0x670baa]
V  [jvm.dll+0x7cfcb4]
V  [jvm.dll+0x7d145e]
V  [jvm.dll+0x7d1ac3]
V  [jvm.dll+0x242bc5]
V  [jvm.dll+0x66dac9]
V  [jvm.dll+0x662412]
V  [jvm.dll+0x300c0b]
V  [jvm.dll+0x3081a6]
V  [jvm.dll+0x357d0e]
V  [jvm.dll+0x357f3f]
V  [jvm.dll+0x2d7ec8]
V  [jvm.dll+0x2d8e34]
V  [jvm.dll+0x7a18c1]
V  [jvm.dll+0x365a91]
V  [jvm.dll+0x780d2c]
V  [jvm.dll+0x3e845f]
V  [jvm.dll+0x3e9f01]
C  [jli.dll+0x527b]
C  [ucrtbase.dll+0x21bb2]
C  [KERNEL32.DLL+0x17034]
C  [ntdll.dll+0x526a1]


---------------  P R O C E S S  ---------------

Threads class SMR info:
_java_thread_list=0x00007ffbc8369858, length=0, elements={
}

Java Threads: ( => current thread )

Other Threads:
  0x000002813d19f9a0 GCTaskThread "GC Thread#0" [stack: 0x000000ba78100000,0x000000ba78200000] [id=27520]
  0x000002813d1a5800 ConcurrentGCThread "G1 Main Marker" [stack: 0x000000ba78200000,0x000000ba78300000] [id=16444]
  0x000002813d1a6120 ConcurrentGCThread "G1 Conc#0" [stack: 0x000000ba78300000,0x000000ba78400000] [id=30380]

[error occurred during error reporting (printing all threads), id 0xc0000005, EXCEPTION_ACCESS_VIOLATION (0xc0000005) at pc=0x00007ffbc7bb88a7]

VM state: not at safepoint (not fully initialized)

VM Mutex/Monitor currently owned by a thread:  ([mutex/lock_event])
[0x000002813d173920] Heap_lock - owner thread: 0x000002813d179010

Heap address: 0x00000000e0000000, size: 512 MB, Compressed Oops mode: 32-bit

CDS archive(s) mapped at: [0x0000000000000000-0x0000000000000000-0x0000000000000000), size 0, SharedBaseAddress: 0x0000000800000000, ArchiveRelocationMode: 0.
Narrow klass base: 0x0000000000000000, Narrow klass shift: 0, Narrow klass range: 0x0

GC Precious Log:
<Empty>

Heap:
 garbage-first heap   total 0K, used 0K [0x00000000e0000000, 0x0000000100000000)
  region size 1024K, 0 young (0K), 0 survivors (0K)

[error occurred during error reporting (printing heap information), id 0xc0000005, EXCEPTION_ACCESS_VIOLATION (0xc0000005) at pc=0x00007ffbc7f99f19]

GC Heap History (0 events):
No events

Deoptimization events (0 events):
No events

Classes unloaded (0 events):
No events

Classes redefined (0 events):
No events

Internal exceptions (0 events):
No events

VM Operations (0 events):
No events

Events (1 events):
Event: 0.173 Loaded shared library C:\Program Files\Java\jdk-17.0.2\bin\java.dll


Dynamic libraries:
0x00007ff6a0800000 - 0x00007ff6a0810000 	C:\Program Files\Java\jdk-17.0.2\bin\java.exe
0x00007ffc6cd10000 - 0x00007ffc6cf08000 	C:\WINDOWS\SYSTEM32\ntdll.dll
0x00007ffc6b210000 - 0x00007ffc6b2cd000 	C:\WINDOWS\System32\KERNEL32.DLL
0x00007ffc6a850000 - 0x00007ffc6ab1e000 	C:\WINDOWS\System32\KERNELBASE.dll
0x00007ffc6a750000 - 0x00007ffc6a850000 	C:\WINDOWS\System32\ucrtbase.dll
0x00007ffc0de80000 - 0x00007ffc0de98000 	C:\Program Files\Java\jdk-17.0.2\bin\jli.dll
0x00007ffc6cbf0000 - 0x00007ffc6cc9e000 	C:\WINDOWS\System32\ADVAPI32.dll
0x00007ffc16750000 - 0x00007ffc1676a000 	C:\Program Files\Java\jdk-17.0.2\bin\VCRUNTIME140.dll
0x00007ffc6cb50000 - 0x00007ffc6cbee000 	C:\WINDOWS\System32\msvcrt.dll
0x00007ffc6c8f0000 - 0x00007ffc6c98c000 	C:\WINDOWS\System32\sechost.dll
0x00007ffc6bb70000 - 0x00007ffc6bc95000 	C:\WINDOWS\System32\RPCRT4.dll
0x00007ffc6bca0000 - 0x00007ffc6be40000 	C:\WINDOWS\System32\USER32.dll
0x00007ffc6ad10000 - 0x00007ffc6ad32000 	C:\WINDOWS\System32\win32u.dll
0x00007ffc6cca0000 - 0x00007ffc6ccca000 	C:\WINDOWS\System32\GDI32.dll
0x00007ffc6a480000 - 0x00007ffc6a58b000 	C:\WINDOWS\System32\gdi32full.dll
0x00007ffc6a590000 - 0x00007ffc6a62d000 	C:\WINDOWS\System32\msvcp_win.dll
0x00007ffc5e580000 - 0x00007ffc5e58a000 	C:\WINDOWS\SYSTEM32\VERSION.dll
0x00007ffc50800000 - 0x00007ffc50a9a000 	C:\WINDOWS\WinSxS\amd64_microsoft.windows.common-controls_6595b64144ccf1df_6.0.19041.1110_none_60b5254171f9507e\COMCTL32.dll
0x00007ffc6c560000 - 0x00007ffc6c590000 	C:\WINDOWS\System32\IMM32.DLL
0x00007ffc314e0000 - 0x00007ffc314ec000 	C:\Program Files\Java\jdk-17.0.2\bin\vcruntime140_1.dll
0x00007ffbf1fc0000 - 0x00007ffbf204d000 	C:\Program Files\Java\jdk-17.0.2\bin\msvcp140.dll
0x00007ffbc78d0000 - 0x00007ffbc8491000 	C:\Program Files\Java\jdk-17.0.2\bin\server\jvm.dll
0x00007ffc6c030000 - 0x00007ffc6c038000 	C:\WINDOWS\System32\PSAPI.DLL
0x00007ffc50aa0000 - 0x00007ffc50aa9000 	C:\WINDOWS\SYSTEM32\WSOCK32.dll
0x00007ffc6cae0000 - 0x00007ffc6cb4b000 	C:\WINDOWS\System32\WS2_32.dll
0x00007ffc4afa0000 - 0x00007ffc4afc7000 	C:\WINDOWS\SYSTEM32\WINMM.dll
0x00007ffc68c70000 - 0x00007ffc68c82000 	C:\WINDOWS\SYSTEM32\kernel.appcore.dll
0x00007ffc30380000 - 0x00007ffc3038a000 	C:\Program Files\Java\jdk-17.0.2\bin\jimage.dll
0x00007ffc65940000 - 0x00007ffc65b24000 	C:\WINDOWS\SYSTEM32\DBGHELP.DLL
0x00007ffc5cd90000 - 0x00007ffc5cdbc000 	C:\WINDOWS\SYSTEM32\dbgcore.DLL
0x00007ffc6ab20000 - 0x00007ffc6aba2000 	C:\WINDOWS\System32\bcryptPrimitives.dll
0x00007ffc0de50000 - 0x00007ffc0de75000 	C:\Program Files\Java\jdk-17.0.2\bin\java.dll

dbghelp: loaded successfully - version: 4.0.5 - missing functions: none
symbol engine: initialized successfully - sym options: 0x614 - pdb path: .;C:\Program Files\Java\jdk-17.0.2\bin;C:\WINDOWS\SYSTEM32;C:\WINDOWS\WinSxS\amd64_microsoft.windows.common-controls_6595b64144ccf1df_6.0.19041.1110_none_60b5254171f9507e;C:\Program Files\Java\jdk-17.0.2\bin\server

VM Arguments:
jvm_args: -Dorg.gradle.internal.worker.tmpdir=C:\Users\seongminWoo\Desktop\outsourcing\supermandiary\supermandiary\build\tmp\test\work -Dorg.gradle.native=false -Xmx512m -Dfile.encoding=x-windows-949 -Duser.country=KR -Duser.language=ko -Duser.variant -ea 
java_command: worker.org.gradle.process.internal.worker.GradleWorkerMain 'Gradle Test Executor 3'
java_class_path (initial): C:\\Users\\seongminWoo\\.gradle\\caches\\7.5\\workerMain\\gradle-worker.jar;C:\\Users\\seongminWoo\\Desktop\\outsourcing\\supermandiary\\supermandiary\\build\\classes\\java\\test;C:\\Users\\seongminWoo\\Desktop\\outsourcing\\supermandiary\\supermandiary\\build\\classes\\java\\main;C:\\Users\\seongminWoo\\Desktop\\outsourcing\\supermandiary\\supermandiary\\build\\resources\\main;C:\\Users\\seongminWoo\\.gradle\\caches\\modules-2\\files-2.1\\org.springframework.boot\\spring-boot-starter-data-jpa\\2.7.3\\23f7118584200cf9edd43140dc6252679047bee0\\spring-boot-starter-data-jpa-2.7.3.jar;C:\\Users\\seongminWoo\\.gradle\\caches\\modules-2\\files-2.1\\org.springframework.boot\\spring-boot-starter-websocket\\2.7.3\\303005af90d659213d5e1b411451a29ffd226179\\spring-boot-starter-websocket-2.7.3.jar;C:\\Users\\seongminWoo\\.gradle\\caches\\modules-2\\files-2.1\\org.springframework.boot\\spring-boot-starter-web\\2.7.3\\9e36c7517c4f872b69d0665e1dd46bd6d83c43b7\\spring-boot-starter-web-2.7.3.jar;C:\\Users\\seongminWoo\\.gradle\\caches\\modules-2\\files-2.1\\io.springfox\\springfox-swagger2\\2.5.0\\b5f50caa259409ef25930d00c3cd48ba44afb97a\\springfox-swagger2-2.5.0.jar;C:\\Users\\seongminWoo\\.gradle\\caches\\modules-2\\files-2.1\\io.springfox\\springfox-swagger-ui\\2.5.0\\6f7838c1d208edb5c3de2bce2232969623dac88b\\springfox-swagger-ui-2.5.0.jar;C:\\Users\\seongminWoo\\.gradle\\caches\\modules-2\\files-2.1\\net.nurigo\\javaSDK\\2.2\\5e0e9102e4ffb0d83d29b7c79dac4212e948efaf\\javaSDK-2.2.jar;C:\\Users\\seongminWoo\\.gradle\\caches\\modules-2\\files-2.1\\org.apache.maven.plugins\\maven-javadoc-plugin\\2.10.3\\539bd0648e5913f8dd8829064d1122262bcdf9d\\maven-javadoc-plugin-2.10.3.jar;C:\\Users\\seongminWoo\\.gradle\\caches\\modules-2\\files-2.1\\org.apache.maven.plugins\\maven-source-plugin\\3.0.0\\3b076d4268367ee56982b5afe18221101eb36242\\maven-source-plugin-3.0.0.jar;C:\\Users\\seongminWoo\\.gradle\\caches\\modules-2\\files-2.1\\org.apache.maven\\maven-archiver
Launcher Type: SUN_STANDARD

[Global flags]
     intx CICompilerCount                          = 4                                         {product} {ergonomic}
     uint ConcGCThreads                            = 2                                         {product} {ergonomic}
     uint G1ConcRefinementThreads                  = 8                                         {product} {ergonomic}
   size_t G1HeapRegionSize                         = 1048576                                   {product} {ergonomic}
    uintx GCDrainStackTargetSize                   = 64                                        {product} {ergonomic}
   size_t InitialHeapSize                          = 132120576                                 {product} {ergonomic}
   size_t MarkStackSize                            = 4194304                                   {product} {ergonomic}
   size_t MaxHeapSize                              = 536870912                                 {product} {command line}
   size_t MinHeapDeltaBytes                        = 1048576                                   {product} {ergonomic}
   size_t MinHeapSize                              = 8388608                                   {product} {ergonomic}
    uintx NonNMethodCodeHeapSize                   = 5839372                                {pd product} {ergonomic}
    uintx NonProfiledCodeHeapSize                  = 122909434                              {pd product} {ergonomic}
    uintx ProfiledCodeHeapSize                     = 122909434                              {pd product} {ergonomic}
    uintx ReservedCodeCacheSize                    = 251658240                              {pd product} {ergonomic}
     bool SegmentedCodeCache                       = true                                      {product} {ergonomic}
   size_t SoftMaxHeapSize                          = 536870912                              {manageable} {ergonomic}
     bool UseCompressedClassPointers               = true                           {product lp64_product} {ergonomic}
     bool UseCompressedOops                        = true                           {product lp64_product} {ergonomic}
     bool UseG1GC                                  = true                                      {product} {ergonomic}
     bool UseLargePagesIndividualAllocation        = false                                  {pd product} {ergonomic}

Logging:
Log output configuration:
 #0: stdout all=warning uptime,level,tags
 #1: stderr all=off uptime,level,tags

Environment Variables:
JAVA_HOME=C:\Program Files\Java\jdk-17.0.2
CLASSPATH=C:\Program Files\OpenNI\Bin64\org.openni.jar
PATH=C:\ProgramData\Anaconda3;C:\ProgramData\Anaconda3\Library\mingw-w64\bin;C:\ProgramData\Anaconda3\Library\usr\bin;C:\ProgramData\Anaconda3\Library\bin;C:\ProgramData\Anaconda3\Scripts;C:\Program Files (x86)\Common Files\Oracle\Java\javapath;C:\WINDOWS\system32;C:\WINDOWS;C:\WINDOWS\System32\Wbem;C:\WINDOWS\System32\WindowsPowerShell\v1.0\;C:\WINDOWS\System32\OpenSSH\;C:\Program Files\dotnet\;C:\Program Files\MySQL\MySQL Server 8.0\bin;C:\Program Files\apache-maven-3.6.3\bin;C:\Program Files\Git\cmd;C:\Program Files\nodejs\;C:\Program Files\Java\jdk-17.0.2\bin;C:\MinGW\bin;C:\OpenSSL\bin;C:\Program Files (x86)\PuTTY\;C:\platform-tools_r26.0.2-darwin\platform-tools\;C:\Program Files\Java\jdk-17.0.2\bin;C:\APM_Setup\Server\Apache\bin;C:\APM_Setup\Server\MySQL5\bin;C:\APM_Setup\Server\PHP5;%LOCALAPPDATA%\Android\sdk\platform-tools;C:\Users\seongminWoo\AppData\Local\Android\Sdk\platform-tools;C:\Program Files\OpenNI\Bin64;C:\Program Files (x86)\IVI Foundation\VISA\WinNT\Bin\;C:\Program Files\IVI Foundation\VISA\Win64\Bin\;C:\Program Files (x86)\IVI Foundation\VISA\WinNT\Bin;C:\Program Files\Docker\Docker\resources\bin;C:\ProgramData\DockerDesktop\version-bin;C:\Users\seongminWoo\AppData\Local\Programs\Python\Python39\Scripts\;C:\Users\seongminWoo\AppData\Local\Programs\Python\Python39\;C:\Users\seongminWoo\AppData\Local\Microsoft\WindowsApps;C:\Users\快己刮\AppData\Local\Programs\Microsoft VS Code\bin;C:\Program Files\JetBrains\PyCharm Community Edition 2020.3\bin;;C:\Users\seongminWoo\AppData\Local\GitHubDesktop\bin;C:\Users\seongminWoo\AppData\Roaming\npm;C:\Program Files\JetBrains\CLion 2021.2.1\bin;;C:\Program Files\JetBrains\IntelliJ IDEA Community Edition 2022.1.3\bin;;C:\platform-tools_r26.0.2-darwin\platform-tools;;C:\Program Files\JetBrains\IntelliJ IDEA 2022.2.1\bin;
USERNAME=快己刮
OS=Windows_NT
PROCESSOR_IDENTIFIER=Intel64 Family 6 Model 142 Stepping 12, GenuineIntel



---------------  S Y S T E M  ---------------

OS:
 Windows 10 , 64 bit Build 19041 (10.0.19041.1889)
OS uptime: 0 days 8:35 hours
Hyper-V role detected

CPU: total 8 (initial active 8) (4 cores per cpu, 2 threads per core) family 6 model 142 stepping 12 microcode 0xea, cx8, cmov, fxsr, ht, mmx, 3dnowpref, sse, sse2, sse3, ssse3, sse4.1, sse4.2, popcnt, lzcnt, tsc, tscinvbit, avx, avx2, aes, erms, clmul, bmi1, bmi2, adx, fma, vzeroupper, clflush, clflushopt, hv

Memory: 4k page, system-wide physical 7993M (580M free)
TotalPageFile size 24562M (AvailPageFile size 71M)
current process WorkingSet (physical memory assigned to process): 10M, peak: 10M
current process commit charge ("private bytes"): 59M, peak: 185M

vm_info: Java HotSpot(TM) 64-Bit Server VM (17.0.2+8-LTS-86) for windows-amd64 JRE (17.0.2+8-LTS-86), built on Dec  7 2021 21:51:03 by "mach5one" with MS VC++ 16.8 / 16.9 (VS2019)

END.
